2023-08-13 14:25:22.317 [main] INFO  LogHelper - [1;95mGravitLauncher [94m(fork sashok724's Launcher) [96mLaunchServer[97m v[94m5.4.2-1 stable[97m (build #[91m1[97m)[m
2023-08-13 14:25:22.360 [main] INFO  LogHelper - [1;95mLicense for [96mLaunchServer[97m GPLv3[97m. SourceCode: [93mhttps://github.com/GravitLauncher/Launcher[m
2023-08-13 14:25:24.033 [main] INFO  pro.gravit.launchserver.LaunchServerStarter - JLine2 terminal enabled
2023-08-13 14:25:24.039 [main] INFO  pro.gravit.launchserver.LaunchServerStarter - Reading LaunchServer config file
2023-08-13 14:25:24.122 [main] INFO  pro.gravit.launchserver.LaunchServerStarter - Reading LaunchServer runtime config file
2023-08-13 14:25:24.444 [main] INFO  pro.gravit.launchserver.manangers.KeyAgreementManager - Reading ECDSA keypair
2023-08-13 14:25:24.459 [main] INFO  pro.gravit.launchserver.manangers.KeyAgreementManager - Reading RSA keypair
2023-08-13 14:25:24.702 [main] INFO  pro.gravit.launchserver.LaunchServer - Syncing launcher binaries
2023-08-13 14:25:24.702 [main] INFO  pro.gravit.launchserver.LaunchServer - Syncing launcher binary file
2023-08-13 14:25:24.798 [main] INFO  pro.gravit.launchserver.LaunchServer - Syncing launcher EXE binary file
2023-08-13 14:25:24.872 [main] DEBUG pro.gravit.launchserver.LaunchServer - Init components
2023-08-13 14:25:24.880 [main] DEBUG pro.gravit.launchserver.LaunchServer - Init component regLimiter
2023-08-13 14:25:24.882 [main] DEBUG pro.gravit.launchserver.LaunchServer - Init component authLimiter
2023-08-13 14:25:24.885 [main] DEBUG pro.gravit.launchserver.LaunchServer - Init component proguard
2023-08-13 14:25:24.888 [main] DEBUG pro.gravit.launchserver.LaunchServer - Init components successful
2023-08-13 14:25:24.965 [Netty Server Socket Thread] INFO  pro.gravit.launchserver.socket.handlers.NettyServerSocketHandler - Starting netty server socket thread
2023-08-13 14:25:25.355 [main] INFO  pro.gravit.launchserver.LaunchServer - LaunchServer started
2023-08-13 14:25:25.752 [Profiles and updates sync] DEBUG pro.gravit.launchserver.manangers.UpdatesManager - Found 2 updates from cache
2023-08-13 14:25:25.755 [Profiles and updates sync] INFO  pro.gravit.launchserver.LaunchServer - Syncing profiles dir
2023-08-13 14:25:25.756 [Profiles and updates sync] INFO  pro.gravit.launchserver.LaunchServer.ProfilesFileVisitor - Syncing 'Forge1.19.2.json' profile
2023-08-13 14:27:01.838 [Command Thread] INFO  LogHelper - Command 'syncup'
2023-08-13 14:27:01.839 [Command Thread] INFO  pro.gravit.launchserver.LaunchServer - Syncing profiles dir
2023-08-13 14:27:01.840 [Command Thread] INFO  pro.gravit.launchserver.LaunchServer.ProfilesFileVisitor - Syncing 'Forge1.19.2.json' profile
2023-08-13 14:27:01.842 [Command Thread] INFO  pro.gravit.launchserver.command.hash.SyncUPCommand - Profiles successfully resynced
2023-08-13 14:27:01.842 [Command Thread] INFO  pro.gravit.launchserver.manangers.UpdatesManager - Syncing updates dir
2023-08-13 14:27:01.843 [Command Thread] INFO  pro.gravit.launchserver.manangers.UpdatesManager - Syncing 'assets' update dir
2023-08-13 14:27:04.728 [Command Thread] INFO  pro.gravit.launchserver.manangers.UpdatesManager - Syncing 'Forge1.19.2' update dir
2023-08-13 14:27:07.684 [Command Thread] DEBUG pro.gravit.launchserver.manangers.UpdatesManager - Saved 2 updates to cache
2023-08-13 14:27:07.685 [Command Thread] INFO  pro.gravit.launchserver.command.hash.SyncUPCommand - Updates dir successfully resynced
2023-08-13 14:30:53.802 [Command Thread] INFO  LogHelper - Command 'syncup'
2023-08-13 14:30:53.803 [Command Thread] INFO  pro.gravit.launchserver.LaunchServer - Syncing profiles dir
2023-08-13 14:30:53.803 [Command Thread] INFO  pro.gravit.launchserver.LaunchServer.ProfilesFileVisitor - Syncing 'Forge1.19.2.json' profile
2023-08-13 14:30:53.815 [Command Thread] INFO  pro.gravit.launchserver.command.hash.SyncUPCommand - Profiles successfully resynced
2023-08-13 14:30:53.817 [Command Thread] INFO  pro.gravit.launchserver.manangers.UpdatesManager - Syncing updates dir
2023-08-13 14:30:53.818 [Command Thread] INFO  pro.gravit.launchserver.manangers.UpdatesManager - Syncing 'assets' update dir
2023-08-13 14:30:56.417 [Command Thread] INFO  pro.gravit.launchserver.manangers.UpdatesManager - Syncing 'Forge1.19.2' update dir
2023-08-13 14:30:57.769 [Command Thread] DEBUG pro.gravit.launchserver.manangers.UpdatesManager - Saved 2 updates to cache
2023-08-13 14:30:57.770 [Command Thread] INFO  pro.gravit.launchserver.command.hash.SyncUPCommand - Updates dir successfully resynced
2023-08-13 14:33:41.331 [Command Thread] INFO  LogHelper - Command 'patcher pro.gravit.launchermodules.unsafecommands.patcher.StaticReplacerPatcher Optifine.jar false java.lang.ClassLoader getSystemClassLoader pro.gravit.launcher.api.ClientService getClassLoader'
2023-08-13 14:33:41.345 [Command Thread] INFO  pro.gravit.launchermodules.unsafecommands.patcher.StaticReplacerPatcher - Create patcher java/lang/ClassLoader.getSystemClassLoader replaced to pro/gravit/launcher/api/ClientService.getClassLoader
2023-08-13 14:33:52.846 [Command Thread] INFO  LogHelper - Command 'syncup'
2023-08-13 14:33:52.847 [Command Thread] INFO  pro.gravit.launchserver.LaunchServer - Syncing profiles dir
2023-08-13 14:33:52.847 [Command Thread] INFO  pro.gravit.launchserver.LaunchServer.ProfilesFileVisitor - Syncing 'Forge1.19.2.json' profile
2023-08-13 14:33:52.849 [Command Thread] INFO  pro.gravit.launchserver.command.hash.SyncUPCommand - Profiles successfully resynced
2023-08-13 14:33:52.849 [Command Thread] INFO  pro.gravit.launchserver.manangers.UpdatesManager - Syncing updates dir
2023-08-13 14:33:52.849 [Command Thread] INFO  pro.gravit.launchserver.manangers.UpdatesManager - Syncing 'assets' update dir
2023-08-13 14:33:55.527 [Command Thread] INFO  pro.gravit.launchserver.manangers.UpdatesManager - Syncing 'Forge1.19.2' update dir
2023-08-13 14:33:56.883 [Command Thread] DEBUG pro.gravit.launchserver.manangers.UpdatesManager - Saved 2 updates to cache
2023-08-13 14:33:56.883 [Command Thread] INFO  pro.gravit.launchserver.command.hash.SyncUPCommand - Updates dir successfully resynced
2023-08-13 14:37:22.165 [Command Thread] INFO  LogHelper - Command 'syncup'
2023-08-13 14:37:22.165 [Command Thread] INFO  pro.gravit.launchserver.LaunchServer - Syncing profiles dir
2023-08-13 14:37:22.166 [Command Thread] INFO  pro.gravit.launchserver.LaunchServer.ProfilesFileVisitor - Syncing 'Forge1.19.2.json' profile
2023-08-13 14:37:22.167 [Command Thread] INFO  pro.gravit.launchserver.command.hash.SyncUPCommand - Profiles successfully resynced
2023-08-13 14:37:22.168 [Command Thread] INFO  pro.gravit.launchserver.manangers.UpdatesManager - Syncing updates dir
2023-08-13 14:37:22.168 [Command Thread] INFO  pro.gravit.launchserver.manangers.UpdatesManager - Syncing 'assets' update dir
2023-08-13 14:37:24.671 [Command Thread] INFO  pro.gravit.launchserver.manangers.UpdatesManager - Syncing 'Forge1.19.2' update dir
2023-08-13 14:37:25.902 [Command Thread] DEBUG pro.gravit.launchserver.manangers.UpdatesManager - Saved 2 updates to cache
2023-08-13 14:37:25.903 [Command Thread] INFO  pro.gravit.launchserver.command.hash.SyncUPCommand - Updates dir successfully resynced
2023-08-13 14:40:29.955 [Command Thread] INFO  LogHelper - Command 'syncup'
2023-08-13 14:40:29.955 [Command Thread] INFO  pro.gravit.launchserver.LaunchServer - Syncing profiles dir
2023-08-13 14:40:29.957 [Command Thread] INFO  pro.gravit.launchserver.LaunchServer.ProfilesFileVisitor - Syncing 'Forge1.19.2.json' profile
2023-08-13 14:40:29.967 [Command Thread] INFO  pro.gravit.launchserver.command.hash.SyncUPCommand - Profiles successfully resynced
2023-08-13 14:40:29.968 [Command Thread] INFO  pro.gravit.launchserver.manangers.UpdatesManager - Syncing updates dir
2023-08-13 14:40:29.969 [Command Thread] INFO  pro.gravit.launchserver.manangers.UpdatesManager - Syncing 'assets' update dir
2023-08-13 14:40:32.657 [Command Thread] INFO  pro.gravit.launchserver.manangers.UpdatesManager - Syncing 'Forge1.19.2' update dir
2023-08-13 14:40:33.902 [Command Thread] DEBUG pro.gravit.launchserver.manangers.UpdatesManager - Saved 2 updates to cache
2023-08-13 14:40:33.920 [Command Thread] INFO  pro.gravit.launchserver.command.hash.SyncUPCommand - Updates dir successfully resynced
2023-08-13 14:40:39.617 [Command Thread] INFO  LogHelper - Command 'syncupdates'
2023-08-13 14:40:39.618 [Command Thread] INFO  pro.gravit.launchserver.manangers.UpdatesManager - Syncing updates dir
2023-08-13 14:40:39.618 [Command Thread] INFO  pro.gravit.launchserver.manangers.UpdatesManager - Syncing 'assets' update dir
2023-08-13 14:40:42.261 [Command Thread] INFO  pro.gravit.launchserver.manangers.UpdatesManager - Syncing 'Forge1.19.2' update dir
2023-08-13 14:40:43.571 [Command Thread] DEBUG pro.gravit.launchserver.manangers.UpdatesManager - Saved 2 updates to cache
2023-08-13 14:40:43.571 [Command Thread] INFO  pro.gravit.launchserver.command.hash.SyncUpdatesCommand - Updates dir successfully resynced
2023-08-13 14:43:24.756 [Command Thread] INFO  LogHelper - Command 'syncprofiles '
2023-08-13 14:43:24.757 [Command Thread] INFO  pro.gravit.launchserver.LaunchServer - Syncing profiles dir
2023-08-13 14:43:24.757 [Command Thread] INFO  pro.gravit.launchserver.LaunchServer.ProfilesFileVisitor - Syncing 'Forge1.19.2.json' profile
2023-08-13 14:43:24.759 [Command Thread] INFO  pro.gravit.launchserver.command.hash.SyncProfilesCommand - Profiles successfully resynced
2023-08-13 14:49:15.094 [Command Thread] INFO  LogHelper - Command 'syncprofiles'
2023-08-13 14:49:15.094 [Command Thread] INFO  pro.gravit.launchserver.LaunchServer - Syncing profiles dir
2023-08-13 14:49:15.095 [Command Thread] INFO  pro.gravit.launchserver.LaunchServer.ProfilesFileVisitor - Syncing 'Forge1.19.2.json' profile
2023-08-13 14:49:15.105 [Command Thread] INFO  pro.gravit.launchserver.command.hash.SyncProfilesCommand - Profiles successfully resynced
2023-08-13 15:06:29.924 [Command Thread] INFO  LogHelper - Command 'syncprofiles'
2023-08-13 15:06:29.925 [Command Thread] INFO  pro.gravit.launchserver.LaunchServer - Syncing profiles dir
2023-08-13 15:06:29.925 [Command Thread] INFO  pro.gravit.launchserver.LaunchServer.ProfilesFileVisitor - Syncing 'Forge1.19.2.json' profile
2023-08-13 15:06:29.935 [Command Thread] INFO  pro.gravit.launchserver.command.hash.SyncProfilesCommand - Profiles successfully resynced
2023-08-13 15:31:02.326 [Command Thread] INFO  LogHelper - Command 'syncprofiles'
2023-08-13 15:31:02.327 [Command Thread] INFO  pro.gravit.launchserver.LaunchServer - Syncing profiles dir
2023-08-13 15:31:02.328 [Command Thread] INFO  pro.gravit.launchserver.LaunchServer.ProfilesFileVisitor - Syncing 'Forge1.19.2.json' profile
2023-08-13 15:31:02.330 [Command Thread] INFO  pro.gravit.launchserver.command.hash.SyncProfilesCommand - Profiles successfully resynced
2023-08-13 15:31:03.635 [Command Thread] INFO  LogHelper - Command 'syncupdates'
2023-08-13 15:31:03.635 [Command Thread] INFO  pro.gravit.launchserver.manangers.UpdatesManager - Syncing updates dir
2023-08-13 15:31:03.636 [Command Thread] INFO  pro.gravit.launchserver.manangers.UpdatesManager - Syncing 'assets' update dir
2023-08-13 15:31:06.302 [Command Thread] INFO  pro.gravit.launchserver.manangers.UpdatesManager - Syncing 'Forge1.19.2' update dir
2023-08-13 15:31:07.488 [Command Thread] DEBUG pro.gravit.launchserver.manangers.UpdatesManager - Saved 2 updates to cache
2023-08-13 15:31:07.489 [Command Thread] INFO  pro.gravit.launchserver.command.hash.SyncUpdatesCommand - Updates dir successfully resynced
2023-08-13 15:31:15.382 [Command Thread] INFO  LogHelper - Command 'syncup'
2023-08-13 15:31:15.382 [Command Thread] INFO  pro.gravit.launchserver.LaunchServer - Syncing profiles dir
2023-08-13 15:31:15.383 [Command Thread] INFO  pro.gravit.launchserver.LaunchServer.ProfilesFileVisitor - Syncing 'Forge1.19.2.json' profile
2023-08-13 15:31:15.385 [Command Thread] INFO  pro.gravit.launchserver.command.hash.SyncUPCommand - Profiles successfully resynced
2023-08-13 15:31:15.385 [Command Thread] INFO  pro.gravit.launchserver.manangers.UpdatesManager - Syncing updates dir
2023-08-13 15:31:15.385 [Command Thread] INFO  pro.gravit.launchserver.manangers.UpdatesManager - Syncing 'assets' update dir
2023-08-13 15:31:17.883 [Command Thread] INFO  pro.gravit.launchserver.manangers.UpdatesManager - Syncing 'Forge1.19.2' update dir
2023-08-13 15:31:19.087 [Command Thread] DEBUG pro.gravit.launchserver.manangers.UpdatesManager - Saved 2 updates to cache
2023-08-13 15:31:19.087 [Command Thread] INFO  pro.gravit.launchserver.command.hash.SyncUPCommand - Updates dir successfully resynced
